[debug] [2021-06-11T09:53:13.130Z] ----------------------------------------------------------------------
[debug] [2021-06-11T09:53:13.132Z] Command:       C:\Program Files\nodejs\node.exe C:\Users\theoj\AppData\Roaming\npm\node_modules\firebase-tools\lib\bin\firebase.js emulators:start --only functions
[debug] [2021-06-11T09:53:13.133Z] CLI Version:   9.12.0
[debug] [2021-06-11T09:53:13.133Z] Platform:      win32
[debug] [2021-06-11T09:53:13.133Z] Node Version:  v14.17.0
[debug] [2021-06-11T09:53:13.141Z] Time:          Fri Jun 11 2021 11:53:13 GMT+0200 (South Africa Standard Time)
[debug] [2021-06-11T09:53:13.141Z] ----------------------------------------------------------------------
[debug] 
[debug] [2021-06-11T09:53:13.150Z] > command requires scopes: ["email","openid","https://www.googleapis.com/auth/cloudplatformprojects.readonly","https://www.googleapis.com/auth/firebase","https://www.googleapis.com/auth/cloud-platform"]
[debug] [2021-06-11T09:53:13.150Z] > authorizing via signed-in user (u19002514@tuks.co.za)
[info] i  emulators: Starting emulators: functions {"metadata":{"emulator":{"name":"hub"},"message":"Starting emulators: functions"}}
[debug] [2021-06-11T09:53:13.173Z] [hub] writing locator at C:\Users\theoj\AppData\Local\Temp\hub-smartstudentnotebook.json
[warn] !  functions: The following emulators are not running, calls to these services from the Functions emulator will affect production: auth, firestore, database, hosting, pubsub, storage {"metadata":{"emulator":{"name":"functions"},"message":"The following emulators are not running, calls to these services from the Functions emulator will affect production: \u001b[1mauth, firestore, database, hosting, pubsub, storage\u001b[22m"}}
[warn] !  Your functions directory does not specify a Node version.
   - Learn more at https://firebase.google.com/docs/functions/manage-functions#set_runtime_options {"metadata":{"emulator":{"name":"functions"},"message":"Your functions directory does not specify a Node version.\n   - Learn more at https://firebase.google.com/docs/functions/manage-functions#set_runtime_options"}}
[debug] [2021-06-11T09:53:13.201Z] defaultcredentials: writing to file C:\Users\theoj\AppData\Roaming\firebase\u19002514_tuks_co.za_application_default_credentials.json
[debug] [2021-06-11T09:53:13.204Z] Setting GAC to C:\Users\theoj\AppData\Roaming\firebase\u19002514_tuks_co.za_application_default_credentials.json {"metadata":{"emulator":{"name":"functions"},"message":"Setting GAC to C:\\Users\\theoj\\AppData\\Roaming\\firebase\\u19002514_tuks_co.za_application_default_credentials.json"}}
[debug] [2021-06-11T09:53:13.207Z] > refreshing access token with scopes: []
[debug] [2021-06-11T09:53:13.208Z] >>> HTTP REQUEST POST https://www.googleapis.com/oauth2/v3/token  
 <request body omitted>
[debug] [2021-06-11T09:53:13.604Z] <<< HTTP RESPONSE 200 {"expires":"Mon, 01 Jan 1990 00:00:00 GMT","date":"Fri, 11 Jun 2021 09:53:14 GMT","cache-control":"no-cache, no-store, max-age=0, must-revalidate","pragma":"no-cache","content-type":"application/json; charset=utf-8","vary":"X-Origin, Referer, Origin,Accept-Encoding","server":"scaffolding on HTTPServer2","x-xss-protection":"0","x-frame-options":"SAMEORIGIN","x-content-type-options":"nosniff","alt-svc":"h3=\":443\"; ma=2592000,h3-29=\":443\"; ma=2592000,h3-T051=\":443\"; ma=2592000,h3-Q050=\":443\"; ma=2592000,h3-Q046=\":443\"; ma=2592000,h3-Q043=\":443\"; ma=2592000,quic=\":443\"; ma=2592000; v=\"46,43\"","accept-ranges":"none","transfer-encoding":"chunked"}
[debug] [2021-06-11T09:53:13.616Z] >>> [apiv2][query] GET https://firebase.googleapis.com/v1beta1/projects/smartstudentnotebook/adminSdkConfig [none]
[debug] [2021-06-11T09:53:14.248Z] <<< [apiv2][status] GET https://firebase.googleapis.com/v1beta1/projects/smartstudentnotebook/adminSdkConfig 200
[debug] [2021-06-11T09:53:14.249Z] <<< [apiv2][body] GET https://firebase.googleapis.com/v1beta1/projects/smartstudentnotebook/adminSdkConfig {"projectId":"smartstudentnotebook","databaseURL":"https://smartstudentnotebook-default-rtdb.europe-west1.firebasedatabase.app","storageBucket":"smartstudentnotebook.appspot.com","locationId":"europe-west"}
[debug] [2021-06-11T09:53:14.271Z] Ignoring unsupported arg: auto_download {"metadata":{"emulator":{"name":"ui"},"message":"Ignoring unsupported arg: auto_download"}}
[debug] [2021-06-11T09:53:14.271Z] Ignoring unsupported arg: port {"metadata":{"emulator":{"name":"ui"},"message":"Ignoring unsupported arg: port"}}
[debug] [2021-06-11T09:53:14.271Z] Starting Emulator UI with command {"binary":"node","args":["C:\\Users\\theoj\\.cache\\firebase\\emulators\\ui-v1.5.0\\server.bundle.js"],"optionalArgs":[],"joinArgs":false} {"metadata":{"emulator":{"name":"ui"},"message":"Starting Emulator UI with command {\"binary\":\"node\",\"args\":[\"C:\\\\Users\\\\theoj\\\\.cache\\\\firebase\\\\emulators\\\\ui-v1.5.0\\\\server.bundle.js\"],\"optionalArgs\":[],\"joinArgs\":false}"}}
[info] i  ui: Emulator UI logging to ui-debug.log {"metadata":{"emulator":{"name":"ui"},"message":"Emulator UI logging to \u001b[1mui-debug.log\u001b[22m"}}
[debug] [2021-06-11T09:53:14.421Z] Web / API server started at http://localhost:4000
 {"metadata":{"emulator":{"name":"ui"},"message":"Web / API server started at http://localhost:4000\n"}}
[info] i  functions: Watching "D:\Skoolwerk\2021\Year\COS 301\CapStone Project\Smart-Student-Handbook\functions" for Cloud Functions... {"metadata":{"emulator":{"name":"functions"},"message":"Watching \"D:\\Skoolwerk\\2021\\Year\\COS 301\\CapStone Project\\Smart-Student-Handbook\\functions\" for Cloud Functions..."}}
[debug] [2021-06-11T09:53:14.620Z] [worker-pool] addWorker(~diagnostic~) {"metadata":{"emulator":{"name":"functions"},"message":"[worker-pool] addWorker(~diagnostic~)"}}
[debug] [2021-06-11T09:53:14.621Z] [worker-pool] Adding worker with key ~diagnostic~, total=1 {"metadata":{"emulator":{"name":"functions"},"message":"[worker-pool] Adding worker with key ~diagnostic~, total=1"}}
[debug] [2021-06-11T09:53:14.621Z] [worker-pool] submitWork(triggerId=) {"metadata":{"emulator":{"name":"functions"},"message":"[worker-pool] submitWork(triggerId=)"}}
[debug] [2021-06-11T09:53:14.621Z] [worker-~diagnostic~-71918978-fee4-4aca-8448-dd409ad8cc7a]: Assigning socketPath: \\?\pipe\D:\Skoolwerk\2021\Year\COS 301\CapStone Project\Smart-Student-Handbook\functions\16136 {"metadata":{"emulator":{"name":"functions"},"message":"[worker-~diagnostic~-71918978-fee4-4aca-8448-dd409ad8cc7a]: Assigning socketPath: \\\\?\\pipe\\D:\\Skoolwerk\\2021\\Year\\COS 301\\CapStone Project\\Smart-Student-Handbook\\functions\\16136"}}
[debug] [2021-06-11T09:53:14.622Z] [worker-~diagnostic~-71918978-fee4-4aca-8448-dd409ad8cc7a]: BUSY {"metadata":{"emulator":{"name":"functions"},"message":"[worker-~diagnostic~-71918978-fee4-4aca-8448-dd409ad8cc7a]: BUSY"}}
[debug] [2021-06-11T09:53:14.820Z] [runtime-status] [16136] Functions runtime initialized. {"cwd":"D:\\Skoolwerk\\2021\\Year\\COS 301\\CapStone Project\\Smart-Student-Handbook\\functions","node_version":"14.17.0"} {"metadata":{"emulator":{"name":"functions"},"message":"[runtime-status] [16136] Functions runtime initialized. {\"cwd\":\"D:\\\\Skoolwerk\\\\2021\\\\Year\\\\COS 301\\\\CapStone Project\\\\Smart-Student-Handbook\\\\functions\",\"node_version\":\"14.17.0\"}"}}
[debug] [2021-06-11T09:53:14.820Z] [runtime-status] [16136] Disabled runtime features: undefined {"metadata":{"emulator":{"name":"functions"},"message":"[runtime-status] [16136] Disabled runtime features: undefined"}}
[debug] [2021-06-11T09:53:14.823Z] [runtime-status] [16136] Resolved module firebase-admin {"declared":true,"installed":true,"version":"9.9.0","resolution":"D:\\Skoolwerk\\2021\\Year\\COS 301\\CapStone Project\\Smart-Student-Handbook\\functions\\node_modules\\firebase-admin\\lib\\index.js"} {"metadata":{"emulator":{"name":"functions"},"message":"[runtime-status] [16136] Resolved module firebase-admin {\"declared\":true,\"installed\":true,\"version\":\"9.9.0\",\"resolution\":\"D:\\\\Skoolwerk\\\\2021\\\\Year\\\\COS 301\\\\CapStone Project\\\\Smart-Student-Handbook\\\\functions\\\\node_modules\\\\firebase-admin\\\\lib\\\\index.js\"}"}}
[debug] [2021-06-11T09:53:14.824Z] [runtime-status] [16136] Resolved module firebase-functions {"declared":true,"installed":true,"version":"3.14.1","resolution":"D:\\Skoolwerk\\2021\\Year\\COS 301\\CapStone Project\\Smart-Student-Handbook\\functions\\node_modules\\firebase-functions\\lib\\index.js"} {"metadata":{"emulator":{"name":"functions"},"message":"[runtime-status] [16136] Resolved module firebase-functions {\"declared\":true,\"installed\":true,\"version\":\"3.14.1\",\"resolution\":\"D:\\\\Skoolwerk\\\\2021\\\\Year\\\\COS 301\\\\CapStone Project\\\\Smart-Student-Handbook\\\\functions\\\\node_modules\\\\firebase-functions\\\\lib\\\\index.js\"}"}}
[debug] [2021-06-11T09:53:14.826Z] [runtime-status] [16136] Resolved module firebase-functions {"declared":true,"installed":true,"version":"3.14.1","resolution":"D:\\Skoolwerk\\2021\\Year\\COS 301\\CapStone Project\\Smart-Student-Handbook\\functions\\node_modules\\firebase-functions\\lib\\index.js"} {"metadata":{"emulator":{"name":"functions"},"message":"[runtime-status] [16136] Resolved module firebase-functions {\"declared\":true,\"installed\":true,\"version\":\"3.14.1\",\"resolution\":\"D:\\\\Skoolwerk\\\\2021\\\\Year\\\\COS 301\\\\CapStone Project\\\\Smart-Student-Handbook\\\\functions\\\\node_modules\\\\firebase-functions\\\\lib\\\\index.js\"}"}}
[debug] [2021-06-11T09:53:14.827Z] [runtime-status] [16136] Outgoing network have been stubbed. [{"name":"http","status":"mocked"},{"name":"http","status":"mocked"},{"name":"https","status":"mocked"},{"name":"https","status":"mocked"},{"name":"net","status":"mocked"}] {"metadata":{"emulator":{"name":"functions"},"message":"[runtime-status] [16136] Outgoing network have been stubbed. [{\"name\":\"http\",\"status\":\"mocked\"},{\"name\":\"http\",\"status\":\"mocked\"},{\"name\":\"https\",\"status\":\"mocked\"},{\"name\":\"https\",\"status\":\"mocked\"},{\"name\":\"net\",\"status\":\"mocked\"}]"}}
[debug] [2021-06-11T09:53:14.828Z] [runtime-status] [16136] Resolved module firebase-functions {"declared":true,"installed":true,"version":"3.14.1","resolution":"D:\\Skoolwerk\\2021\\Year\\COS 301\\CapStone Project\\Smart-Student-Handbook\\functions\\node_modules\\firebase-functions\\lib\\index.js"} {"metadata":{"emulator":{"name":"functions"},"message":"[runtime-status] [16136] Resolved module firebase-functions {\"declared\":true,\"installed\":true,\"version\":\"3.14.1\",\"resolution\":\"D:\\\\Skoolwerk\\\\2021\\\\Year\\\\COS 301\\\\CapStone Project\\\\Smart-Student-Handbook\\\\functions\\\\node_modules\\\\firebase-functions\\\\lib\\\\index.js\"}"}}
[debug] [2021-06-11T09:53:14.887Z] [runtime-status] [16136] Checked functions.config() {"config":{}} {"metadata":{"emulator":{"name":"functions"},"message":"[runtime-status] [16136] Checked functions.config() {\"config\":{}}"}}
[debug] [2021-06-11T09:53:14.888Z] [runtime-status] [16136] firebase-functions has been stubbed. {"functionsResolution":{"declared":true,"installed":true,"version":"3.14.1","resolution":"D:\\Skoolwerk\\2021\\Year\\COS 301\\CapStone Project\\Smart-Student-Handbook\\functions\\node_modules\\firebase-functions\\lib\\index.js"}} {"metadata":{"emulator":{"name":"functions"},"message":"[runtime-status] [16136] firebase-functions has been stubbed. {\"functionsResolution\":{\"declared\":true,\"installed\":true,\"version\":\"3.14.1\",\"resolution\":\"D:\\\\Skoolwerk\\\\2021\\\\Year\\\\COS 301\\\\CapStone Project\\\\Smart-Student-Handbook\\\\functions\\\\node_modules\\\\firebase-functions\\\\lib\\\\index.js\"}}"}}
[debug] [2021-06-11T09:53:14.888Z] [runtime-status] [16136] Resolved module firebase-functions {"declared":true,"installed":true,"version":"3.14.1","resolution":"D:\\Skoolwerk\\2021\\Year\\COS 301\\CapStone Project\\Smart-Student-Handbook\\functions\\node_modules\\firebase-functions\\lib\\index.js"} {"metadata":{"emulator":{"name":"functions"},"message":"[runtime-status] [16136] Resolved module firebase-functions {\"declared\":true,\"installed\":true,\"version\":\"3.14.1\",\"resolution\":\"D:\\\\Skoolwerk\\\\2021\\\\Year\\\\COS 301\\\\CapStone Project\\\\Smart-Student-Handbook\\\\functions\\\\node_modules\\\\firebase-functions\\\\lib\\\\index.js\"}"}}
[debug] [2021-06-11T09:53:14.889Z] [runtime-status] [16136] Resolved module firebase-admin {"declared":true,"installed":true,"version":"9.9.0","resolution":"D:\\Skoolwerk\\2021\\Year\\COS 301\\CapStone Project\\Smart-Student-Handbook\\functions\\node_modules\\firebase-admin\\lib\\index.js"} {"metadata":{"emulator":{"name":"functions"},"message":"[runtime-status] [16136] Resolved module firebase-admin {\"declared\":true,\"installed\":true,\"version\":\"9.9.0\",\"resolution\":\"D:\\\\Skoolwerk\\\\2021\\\\Year\\\\COS 301\\\\CapStone Project\\\\Smart-Student-Handbook\\\\functions\\\\node_modules\\\\firebase-admin\\\\lib\\\\index.js\"}"}}
[debug] [2021-06-11T09:53:14.889Z] [runtime-status] [16136] Resolved module firebase-functions {"declared":true,"installed":true,"version":"3.14.1","resolution":"D:\\Skoolwerk\\2021\\Year\\COS 301\\CapStone Project\\Smart-Student-Handbook\\functions\\node_modules\\firebase-functions\\lib\\index.js"} {"metadata":{"emulator":{"name":"functions"},"message":"[runtime-status] [16136] Resolved module firebase-functions {\"declared\":true,\"installed\":true,\"version\":\"3.14.1\",\"resolution\":\"D:\\\\Skoolwerk\\\\2021\\\\Year\\\\COS 301\\\\CapStone Project\\\\Smart-Student-Handbook\\\\functions\\\\node_modules\\\\firebase-functions\\\\lib\\\\index.js\"}"}}
[debug] [2021-06-11T09:53:14.889Z] [runtime-status] [16136] firebase-admin has been stubbed. {"adminResolution":{"declared":true,"installed":true,"version":"9.9.0","resolution":"D:\\Skoolwerk\\2021\\Year\\COS 301\\CapStone Project\\Smart-Student-Handbook\\functions\\node_modules\\firebase-admin\\lib\\index.js"}} {"metadata":{"emulator":{"name":"functions"},"message":"[runtime-status] [16136] firebase-admin has been stubbed. {\"adminResolution\":{\"declared\":true,\"installed\":true,\"version\":\"9.9.0\",\"resolution\":\"D:\\\\Skoolwerk\\\\2021\\\\Year\\\\COS 301\\\\CapStone Project\\\\Smart-Student-Handbook\\\\functions\\\\node_modules\\\\firebase-admin\\\\lib\\\\index.js\"}}"}}
[info] >  {"structuredData":true,"severity":"INFO","message":"Hello logs!"} {"user":{"structuredData":true,"severity":"INFO","message":"Hello logs!"},"metadata":{"emulator":{"name":"functions"},"message":"\u001b[90m> \u001b[39m {\"structuredData\":true,\"severity\":\"INFO\",\"message\":\"Hello logs!\"}"}}
[info] >  {"structuredData":true,"severity":"INFO","message":"Hello logs!"} {"user":{"structuredData":true,"severity":"INFO","message":"Hello logs!"},"metadata":{"emulator":{"name":"functions"},"message":"\u001b[90m> \u001b[39m {\"structuredData\":true,\"severity\":\"INFO\",\"message\":\"Hello logs!\"}"}}
[info] >  Hello {"user":"Hello","metadata":{"emulator":{"name":"functions"},"message":"\u001b[90m> \u001b[39m Hello"}}
[info] 
┌─────────────────────────────────────────────────────────────┐
│ ✔  All emulators ready! It is now safe to connect your app. │
│ i  View Emulator UI at http://localhost:4000                │
└─────────────────────────────────────────────────────────────┘

┌───────────┬────────────────┬─────────────────────────────────┐
│ Emulator  │ Host:Port      │ View in Emulator UI             │
├───────────┼────────────────┼─────────────────────────────────┤
│ Functions │ localhost:5001 │ http://localhost:4000/functions │
└───────────┴────────────────┴─────────────────────────────────┘
  Emulator Hub running at localhost:4400
  Other reserved ports: 4500

Issues? Report them at https://github.com/firebase/firebase-tools/issues and attach the *-debug.log files.
 
[info] >  [Nest] 16136   - 2021/06/11, 11:53:15   [NestFactory] Starting Nest application... {"user":"\u001b[32m[Nest] 16136   - \u001b[39m2021/06/11, 11:53:15   \u001b[38;5;3m[NestFactory] \u001b[39m\u001b[32mStarting Nest application...\u001b[39m","metadata":{"emulator":{"name":"functions"},"message":"\u001b[90m> \u001b[39m \u001b[32m[Nest] 16136   - \u001b[39m2021/06/11, 11:53:15   \u001b[38;5;3m[NestFactory] \u001b[39m\u001b[32mStarting Nest application...\u001b[39m"}}
[debug] [2021-06-11T09:53:15.611Z] [worker-~diagnostic~-71918978-fee4-4aca-8448-dd409ad8cc7a]: IDLE {"metadata":{"emulator":{"name":"functions"},"message":"[worker-~diagnostic~-71918978-fee4-4aca-8448-dd409ad8cc7a]: IDLE"}}
[info] >  [Nest] 16136   - 2021/06/11, 11:53:15   [InstanceLoader] AppModule dependencies initialized +97ms {"user":"\u001b[32m[Nest] 16136   - \u001b[39m2021/06/11, 11:53:15   \u001b[38;5;3m[InstanceLoader] \u001b[39m\u001b[32mAppModule dependencies initialized\u001b[39m\u001b[38;5;3m +97ms\u001b[39m","metadata":{"emulator":{"name":"functions"},"message":"\u001b[90m> \u001b[39m \u001b[32m[Nest] 16136   - \u001b[39m2021/06/11, 11:53:15   \u001b[38;5;3m[InstanceLoader] \u001b[39m\u001b[32mAppModule dependencies initialized\u001b[39m\u001b[38;5;3m +97ms\u001b[39m"}}
[info] >  [Nest] 16136   - 2021/06/11, 11:53:15   [RoutesResolver] AppController {}: +4ms {"user":"\u001b[32m[Nest] 16136   - \u001b[39m2021/06/11, 11:53:15   \u001b[38;5;3m[RoutesResolver] \u001b[39m\u001b[32mAppController {}:\u001b[39m\u001b[38;5;3m +4ms\u001b[39m","metadata":{"emulator":{"name":"functions"},"message":"\u001b[90m> \u001b[39m \u001b[32m[Nest] 16136   - \u001b[39m2021/06/11, 11:53:15   \u001b[38;5;3m[RoutesResolver] \u001b[39m\u001b[32mAppController {}:\u001b[39m\u001b[38;5;3m +4ms\u001b[39m"}}
[info] >  [Nest] 16136   - 2021/06/11, 11:53:15   [RouterExplorer] Mapped {, GET} route +2ms {"user":"\u001b[32m[Nest] 16136   - \u001b[39m2021/06/11, 11:53:15   \u001b[38;5;3m[RouterExplorer] \u001b[39m\u001b[32mMapped {, GET} route\u001b[39m\u001b[38;5;3m +2ms\u001b[39m","metadata":{"emulator":{"name":"functions"},"message":"\u001b[90m> \u001b[39m \u001b[32m[Nest] 16136   - \u001b[39m2021/06/11, 11:53:15   \u001b[38;5;3m[RouterExplorer] \u001b[39m\u001b[32mMapped {, GET} route\u001b[39m\u001b[38;5;3m +2ms\u001b[39m"}}
[info] >  [Nest] 16136   - 2021/06/11, 11:53:15   [NestApplication] Nest application successfully started +1ms {"user":"\u001b[32m[Nest] 16136   - \u001b[39m2021/06/11, 11:53:15   \u001b[38;5;3m[NestApplication] \u001b[39m\u001b[32mNest application successfully started\u001b[39m\u001b[38;5;3m +1ms\u001b[39m","metadata":{"emulator":{"name":"functions"},"message":"\u001b[90m> \u001b[39m \u001b[32m[Nest] 16136   - \u001b[39m2021/06/11, 11:53:15   \u001b[38;5;3m[NestApplication] \u001b[39m\u001b[32mNest application successfully started\u001b[39m\u001b[38;5;3m +1ms\u001b[39m"}}
